0 info it worked if it ends with ok
1 verbose cli [ '/home/raziel/.nodenv/versions/5.4.0/bin/node',
1 verbose cli   '/home/raziel/.nodenv/versions/5.4.0/bin/npm',
1 verbose cli   'install',
1 verbose cli   'shallowEqual',
1 verbose cli   '--save' ]
2 info using npm@3.5.3
3 info using node@v5.4.0
4 silly loadCurrentTree Starting
5 silly install loadCurrentTree
6 silly install readLocalPackageData
7 silly fetchPackageMetaData shallowEqual
8 silly fetchNamedPackageData shallowEqual
9 silly mapToRegistry name shallowEqual
10 silly mapToRegistry using default registry
11 silly mapToRegistry registry https://registry.npmjs.org/
12 silly mapToRegistry uri https://registry.npmjs.org/shallowEqual
13 verbose request uri https://registry.npmjs.org/shallowEqual
14 verbose request no auth needed
15 info attempt registry request try #1 at 11:31:54 PM
16 verbose request using bearer token for auth
17 verbose request id f568ce96585d55f9
18 http request GET https://registry.npmjs.org/shallowEqual
19 http 404 https://registry.npmjs.org/shallowEqual
20 verbose headers { 'content-type': 'application/json',
20 verbose headers   'cache-control': 'max-age=0',
20 verbose headers   'content-length': '2',
20 verbose headers   'accept-ranges': 'bytes',
20 verbose headers   date: 'Mon, 21 Mar 2016 23:31:53 GMT',
20 verbose headers   via: '1.1 varnish',
20 verbose headers   connection: 'keep-alive',
20 verbose headers   'x-served-by': 'cache-lcy1128-LCY',
20 verbose headers   'x-cache': 'MISS',
20 verbose headers   'x-cache-hits': '0',
20 verbose headers   'x-timer': 'S1458603113.325890,VS0,VE584' }
21 silly get cb [ 404,
21 silly get   { 'content-type': 'application/json',
21 silly get     'cache-control': 'max-age=0',
21 silly get     'content-length': '2',
21 silly get     'accept-ranges': 'bytes',
21 silly get     date: 'Mon, 21 Mar 2016 23:31:53 GMT',
21 silly get     via: '1.1 varnish',
21 silly get     connection: 'keep-alive',
21 silly get     'x-served-by': 'cache-lcy1128-LCY',
21 silly get     'x-cache': 'MISS',
21 silly get     'x-cache-hits': '0',
21 silly get     'x-timer': 'S1458603113.325890,VS0,VE584' } ]
22 silly fetchPackageMetaData Error: Registry returned 404 for GET on https://registry.npmjs.org/shallowEqual
22 silly fetchPackageMetaData     at makeError (/home/raziel/.nodenv/versions/5.4.0/lib/node_modules/npm/node_modules/npm-registry-client/lib/request.js:264:12)
22 silly fetchPackageMetaData     at CachingRegistryClient.<anonymous> (/home/raziel/.nodenv/versions/5.4.0/lib/node_modules/npm/node_modules/npm-registry-client/lib/request.js:242:14)
22 silly fetchPackageMetaData     at Request._callback (/home/raziel/.nodenv/versions/5.4.0/lib/node_modules/npm/node_modules/npm-registry-client/lib/request.js:172:14)
22 silly fetchPackageMetaData     at Request.self.callback (/home/raziel/.nodenv/versions/5.4.0/lib/node_modules/npm/node_modules/request/request.js:198:22)
22 silly fetchPackageMetaData     at emitTwo (events.js:87:13)
22 silly fetchPackageMetaData     at Request.emit (events.js:172:7)
22 silly fetchPackageMetaData     at Request.<anonymous> (/home/raziel/.nodenv/versions/5.4.0/lib/node_modules/npm/node_modules/request/request.js:1035:10)
22 silly fetchPackageMetaData     at emitOne (events.js:82:20)
22 silly fetchPackageMetaData     at Request.emit (events.js:169:7)
22 silly fetchPackageMetaData     at IncomingMessage.<anonymous> (/home/raziel/.nodenv/versions/5.4.0/lib/node_modules/npm/node_modules/request/request.js:962:12)
22 silly fetchPackageMetaData  error for shallowEqual { [Error: Registry returned 404 for GET on https://registry.npmjs.org/shallowEqual] pkgid: 'shallowEqual', statusCode: 404, code: 'E404' }
23 silly rollbackFailedOptional Starting
24 silly rollbackFailedOptional Finishing
25 silly runTopLevelLifecycles Starting
26 silly runTopLevelLifecycles Finishing
27 silly install printInstalled
28 verbose stack Error: Registry returned 404 for GET on https://registry.npmjs.org/shallowEqual
28 verbose stack     at makeError (/home/raziel/.nodenv/versions/5.4.0/lib/node_modules/npm/node_modules/npm-registry-client/lib/request.js:264:12)
28 verbose stack     at CachingRegistryClient.<anonymous> (/home/raziel/.nodenv/versions/5.4.0/lib/node_modules/npm/node_modules/npm-registry-client/lib/request.js:242:14)
28 verbose stack     at Request._callback (/home/raziel/.nodenv/versions/5.4.0/lib/node_modules/npm/node_modules/npm-registry-client/lib/request.js:172:14)
28 verbose stack     at Request.self.callback (/home/raziel/.nodenv/versions/5.4.0/lib/node_modules/npm/node_modules/request/request.js:198:22)
28 verbose stack     at emitTwo (events.js:87:13)
28 verbose stack     at Request.emit (events.js:172:7)
28 verbose stack     at Request.<anonymous> (/home/raziel/.nodenv/versions/5.4.0/lib/node_modules/npm/node_modules/request/request.js:1035:10)
28 verbose stack     at emitOne (events.js:82:20)
28 verbose stack     at Request.emit (events.js:169:7)
28 verbose stack     at IncomingMessage.<anonymous> (/home/raziel/.nodenv/versions/5.4.0/lib/node_modules/npm/node_modules/request/request.js:962:12)
29 verbose statusCode 404
30 verbose pkgid shallowEqual
31 verbose cwd /home/raziel/MyProjects/yafi
32 error Linux 4.2.0-30-generic
33 error argv "/home/raziel/.nodenv/versions/5.4.0/bin/node" "/home/raziel/.nodenv/versions/5.4.0/bin/npm" "install" "shallowEqual" "--save"
34 error node v5.4.0
35 error npm  v3.5.3
36 error code E404
37 error 404 Registry returned 404 for GET on https://registry.npmjs.org/shallowEqual
38 error 404
39 error 404 'shallowEqual' is not in the npm registry.
40 error 404 Your package name is not valid, because
41 error 404 1. name can no longer contain capital letters
42 error 404 Note that you can also install from a
43 error 404 tarball, folder, http url, or git url.
44 verbose exit [ 1, true ]
